2025-08-23 18:41:44,994 - INFO - Repositório inicializado: C:\Trabalho\projetos\DailyPush
2025-08-23 18:41:44,994 - INFO - Iniciando rotina diária...
2025-08-23 18:41:44,995 - ERROR - Erro ao fazer commit: Reference at 'refs/heads/master' does not exist
2025-08-23 18:41:44,995 - INFO - Nenhum commit necessário
2025-08-23 18:41:44,995 - INFO - DailyPush executado com sucesso!
2025-08-23 18:41:46,770 - INFO - Repositório inicializado: C:\Trabalho\projetos\DailyPush
2025-08-23 18:41:46,770 - INFO - Iniciando rotina diária...
2025-08-23 18:41:46,770 - ERROR - Erro ao fazer commit: Reference at 'refs/heads/master' does not exist
2025-08-23 18:41:46,771 - INFO - Nenhum commit necessário
2025-08-23 18:41:46,771 - INFO - DailyPush executado com sucesso!
2025-08-23 18:43:03,339 - INFO - Repositório inicializado: C:\Trabalho\projetos\DailyPush
2025-08-23 18:43:03,339 - INFO - Iniciando rotina diária...
2025-08-23 18:43:03,339 - INFO - Criando arquivo para commit diario...
2025-08-23 18:43:03,341 - INFO - Arquivo criado: C:\Trabalho\projetos\DailyPush\daily_updates\update_20250823.md
2025-08-23 18:43:03,490 - INFO - Commit realizado: 40fc9648 - Novas funcionalidades
2025-08-23 18:43:03,536 - ERROR - Erro ao fazer push: Cmd('git') failed due to: exit code(128)
  cmdline: git push --porcelain -- origin
  stderr: 'fatal: The current branch master has no upstream branch.'
2025-08-23 18:43:03,537 - WARNING - Commit realizado, mas push falhou (pode ser configurado depois)
2025-08-23 18:43:03,537 - INFO - DailyPush executado com sucesso!
2025-08-23 18:44:44,621 - INFO - Repositório existente inicializado: C:\Trabalho\projetos\DailyPush
2025-08-23 18:44:44,621 - INFO - Iniciando rotina diária...
2025-08-23 18:44:44,710 - INFO - Criando arquivo para commit diario...
2025-08-23 18:44:44,767 - INFO - Arquivo criado: C:\Trabalho\projetos\DailyPush\daily_updates\update_20250823.md
